[ 2016-12-11T10:21:07+08:00 ] 127.0.0.1 /
INFO: [ app_init ] --START--
INFO: Run Behavior\BuildLiteBehavior [ RunTime:0.000000s ]
INFO: [ app_init ] --END-- [ RunTime:0.000000s ]
INFO: [ app_begin ] --START--
INFO: Run Behavior\ReadHtmlCacheBehavior [ RunTime:0.000000s ]
INFO: [ app_begin ] --END-- [ RunTime:0.001000s ]
INFO: [ view_begin ] --START--
INFO: Run Home\Behaviors\testBehavior [ RunTime:0.001000s ]
INFO: [ view_begin ] --END-- [ RunTime:0.001000s ]
INFO: [ view_parse ] --START--
INFO: [ template_filter ] --START--
INFO: Run Behavior\ContentReplaceBehavior [ RunTime:0.000000s ]
INFO: [ template_filter ] --END-- [ RunTime:0.000000s ]
NOTIC: [8] Undefined variable: host F:\phpStudy\WWW\tpshop\Application\Runtime\Cache\Home\119303039c0173416c8179271cd70886.php 第 110 行.
NOTIC: [8] Undefined variable: host F:\phpStudy\WWW\tpshop\Application\Runtime\Cache\Home\119303039c0173416c8179271cd70886.php 第 110 行.
NOTIC: [8] Undefined variable: host F:\phpStudy\WWW\tpshop\Application\Runtime\Cache\Home\119303039c0173416c8179271cd70886.php 第 110 行.
NOTIC: [8] Undefined variable: host F:\phpStudy\WWW\tpshop\Application\Runtime\Cache\Home\119303039c0173416c8179271cd70886.php 第 110 行.
INFO: Run Behavior\ParseTemplateBehavior [ RunTime:0.021001s ]
INFO: [ view_parse ] --END-- [ RunTime:0.022001s ]
INFO: [ view_filter ] --START--
INFO: Run Behavior\WriteHtmlCacheBehavior [ RunTime:0.000000s ]
INFO: Run Behavior\TokenBuildBehavior [ RunTime:0.000000s ]
INFO: [ view_filter ] --END-- [ RunTime:0.000000s ]
INFO: [ app_end ] --START--
INFO: Run Behavior\ShowPageTraceBehavior [ RunTime:0.001000s ]
INFO: [ app_end ] --END-- [ RunTime:0.001000s ]

